nov 10, 2023 10:06:47 P. M. co.edu.uniquindio.agencia.model.AgenciaViajes <init>
INFO: Se crea una nueva instancia de Agencia de Viajes.
nov 10, 2023 10:13:28 P. M. co.edu.uniquindio.agencia.model.AgenciaViajes <init>
INFO: Se crea una nueva instancia de Agencia de Viajes.
nov 10, 2023 10:13:56 P. M. co.edu.uniquindio.agencia.model.AgenciaViajes registrarCliente
INFO: Se ha registrado un nuevo cliente con la cédula: 111
nov 10, 2023 11:00:33 P. M. co.edu.uniquindio.agencia.model.AgenciaViajes <init>
INFO: Se crea una nueva instancia de Agencia de Viajes.
nov 10, 2023 11:03:07 P. M. co.edu.uniquindio.agencia.model.AgenciaViajes <init>
INFO: Se crea una nueva instancia de Agencia de Viajes.
nov 10, 2023 11:12:24 P. M. co.edu.uniquindio.agencia.model.AgenciaViajes <init>
INFO: Se crea una nueva instancia de Agencia de Viajes.
nov 10, 2023 11:33:41 P. M. co.edu.uniquindio.agencia.model.AgenciaViajes <init>
INFO: Se crea una nueva instancia de Agencia de Viajes.
nov 10, 2023 11:49:51 P. M. co.edu.uniquindio.agencia.model.AgenciaViajes <init>
INFO: Se crea una nueva instancia de Agencia de Viajes.
nov 11, 2023 9:10:03 A. M. co.edu.uniquindio.agencia.model.AgenciaViajes <init>
INFO: Se crea una nueva instancia de Agencia de Viajes.
nov 11, 2023 9:19:56 A. M. co.edu.uniquindio.agencia.model.AgenciaViajes <init>
INFO: Se crea una nueva instancia de Agencia de Viajes.
nov 11, 2023 9:25:03 A. M. co.edu.uniquindio.agencia.model.AgenciaViajes <init>
INFO: Se crea una nueva instancia de Agencia de Viajes.
nov 11, 2023 9:30:39 A. M. co.edu.uniquindio.agencia.model.AgenciaViajes <init>
INFO: Se crea una nueva instancia de Agencia de Viajes.
nov 11, 2023 9:33:59 A. M. co.edu.uniquindio.agencia.model.AgenciaViajes <init>
INFO: Se crea una nueva instancia de Agencia de Viajes.
nov 11, 2023 9:43:12 A. M. co.edu.uniquindio.agencia.model.AgenciaViajes <init>
INFO: Se crea una nueva instancia de Agencia de Viajes.
nov 12, 2023 9:05:18 P. M. co.edu.uniquindio.agencia.model.AgenciaViajes <init>
INFO: Se crea una nueva instancia de Agencia de Viajes.
nov 12, 2023 9:07:17 P. M. co.edu.uniquindio.agencia.model.AgenciaViajes <init>
INFO: Se crea una nueva instancia de Agencia de Viajes.
nov 12, 2023 9:13:47 P. M. co.edu.uniquindio.agencia.model.AgenciaViajes <init>
INFO: Se crea una nueva instancia de Agencia de Viajes.
nov 12, 2023 9:15:13 P. M. co.edu.uniquindio.agencia.model.AgenciaViajes <init>
INFO: Se crea una nueva instancia de Agencia de Viajes.
nov 12, 2023 9:17:45 P. M. co.edu.uniquindio.agencia.model.AgenciaViajes <init>
INFO: Se crea una nueva instancia de Agencia de Viajes.
nov 12, 2023 9:22:16 P. M. co.edu.uniquindio.agencia.model.AgenciaViajes <init>
INFO: Se crea una nueva instancia de Agencia de Viajes.
nov 12, 2023 9:23:29 P. M. co.edu.uniquindio.agencia.model.AgenciaViajes <init>
INFO: Se crea una nueva instancia de Agencia de Viajes.
nov 12, 2023 10:02:46 P. M. co.edu.uniquindio.agencia.model.AgenciaViajes <init>
INFO: Se crea una nueva instancia de Agencia de Viajes.
nov 14, 2023 9:00:24 P. M. co.edu.uniquindio.agencia.model.AgenciaViajes <init>
INFO: Se crea una nueva instancia de Agencia de Viajes.
nov 14, 2023 9:02:36 P. M. co.edu.uniquindio.agencia.model.AgenciaViajes <init>
INFO: Se crea una nueva instancia de Agencia de Viajes.
nov 14, 2023 9:12:47 P. M. co.edu.uniquindio.agencia.model.AgenciaViajes <init>
INFO: Se crea una nueva instancia de Agencia de Viajes.
nov 14, 2023 9:16:01 P. M. co.edu.uniquindio.agencia.model.AgenciaViajes <init>
INFO: Se crea una nueva instancia de Agencia de Viajes.
nov 14, 2023 9:48:30 P. M. co.edu.uniquindio.agencia.model.AgenciaViajes <init>
INFO: Se crea una nueva instancia de Agencia de Viajes.
nov 14, 2023 9:57:01 P. M. co.edu.uniquindio.agencia.model.AgenciaViajes <init>
INFO: Se crea una nueva instancia de Agencia de Viajes.
nov 14, 2023 10:10:50 P. M. co.edu.uniquindio.agencia.model.AgenciaViajes <init>
INFO: Se crea una nueva instancia de Agencia de Viajes.
nov 15, 2023 9:52:36 A. M. co.edu.uniquindio.agencia.model.AgenciaViajes <init>
INFO: Se crea una nueva instancia de Agencia de Viajes.
nov 15, 2023 10:13:58 A. M. co.edu.uniquindio.agencia.model.AgenciaViajes <init>
INFO: Se crea una nueva instancia de Agencia de Viajes.
nov 15, 2023 10:16:04 A. M. co.edu.uniquindio.agencia.model.AgenciaViajes <init>
INFO: Se crea una nueva instancia de Agencia de Viajes.
nov 15, 2023 10:18:19 A. M. co.edu.uniquindio.agencia.model.AgenciaViajes <init>
INFO: Se crea una nueva instancia de Agencia de Viajes.
nov 15, 2023 10:19:38 A. M. co.edu.uniquindio.agencia.model.AgenciaViajes <init>
INFO: Se crea una nueva instancia de Agencia de Viajes.
nov 15, 2023 10:21:24 A. M. co.edu.uniquindio.agencia.model.AgenciaViajes <init>
INFO: Se crea una nueva instancia de Agencia de Viajes.
nov 15, 2023 2:01:38 P. M. co.edu.uniquindio.agencia.model.AgenciaViajes <init>
INFO: Se crea una nueva instancia de Agencia de Viajes.
nov 15, 2023 2:01:38 P. M. co.edu.uniquindio.agencia.model.AgenciaViajes <init>
INFO: Clientes cargados correctamente
nov 15, 2023 2:01:38 P. M. co.edu.uniquindio.agencia.model.AgenciaViajes <init>
INFO: Administradores cargados correctamente
nov 15, 2023 2:01:53 P. M. co.edu.uniquindio.agencia.model.AgenciaViajes registrarCliente
SEVERE: Debe de ingresar todos los datos para regsitrar un nuevo usuario
nov 15, 2023 2:02:37 P. M. co.edu.uniquindio.agencia.model.AgenciaViajes registrarCliente
WARNING: Ya existe un cliente con este número de cedula.
nov 15, 2023 2:02:46 P. M. co.edu.uniquindio.agencia.model.AgenciaViajes registrarCliente
INFO: Se ha registrado un nuevo cliente con la cédula: 222
nov 15, 2023 2:08:25 P. M. co.edu.uniquindio.agencia.model.AgenciaViajes <init>
INFO: Se crea una nueva instancia de Agencia de Viajes.
nov 15, 2023 2:08:26 P. M. co.edu.uniquindio.agencia.model.AgenciaViajes <init>
INFO: Clientes cargados correctamente
nov 15, 2023 2:08:26 P. M. co.edu.uniquindio.agencia.model.AgenciaViajes <init>
INFO: Administradores cargados correctamente
nov 15, 2023 2:08:37 P. M. co.edu.uniquindio.agencia.model.AgenciaViajes verificarInicio
INFO: Se ha iniciado sesion como cliente
nov 15, 2023 2:15:28 P. M. co.edu.uniquindio.agencia.model.AgenciaViajes <init>
INFO: Se crea una nueva instancia de Agencia de Viajes.
nov 15, 2023 2:15:28 P. M. co.edu.uniquindio.agencia.model.AgenciaViajes <init>
INFO: Clientes cargados correctamente
nov 15, 2023 2:15:28 P. M. co.edu.uniquindio.agencia.model.AgenciaViajes <init>
INFO: Administradores cargados correctamente
nov 15, 2023 2:15:50 P. M. co.edu.uniquindio.agencia.model.AgenciaViajes verificarInicio
INFO: Se ha iniciado sesion como administrador
nov 15, 2023 2:36:13 P. M. co.edu.uniquindio.agencia.model.AgenciaViajes <init>
INFO: Se crea una nueva instancia de Agencia de Viajes.
nov 15, 2023 2:36:14 P. M. co.edu.uniquindio.agencia.model.AgenciaViajes <init>
INFO: Clientes cargados correctamente
nov 15, 2023 2:36:14 P. M. co.edu.uniquindio.agencia.model.AgenciaViajes <init>
INFO: Administradores cargados correctamente
nov 15, 2023 2:36:26 P. M. co.edu.uniquindio.agencia.model.AgenciaViajes verificarInicio
INFO: Se ha iniciado sesion como administrador
nov 15, 2023 2:41:55 P. M. co.edu.uniquindio.agencia.model.AgenciaViajes <init>
INFO: Se crea una nueva instancia de Agencia de Viajes.
nov 15, 2023 2:41:55 P. M. co.edu.uniquindio.agencia.model.AgenciaViajes <init>
INFO: Clientes cargados correctamente
nov 15, 2023 2:41:55 P. M. co.edu.uniquindio.agencia.model.AgenciaViajes <init>
INFO: Administradores cargados correctamente
nov 15, 2023 2:42:11 P. M. co.edu.uniquindio.agencia.model.AgenciaViajes verificarInicio
INFO: Se ha iniciado sesion como administrador
nov 15, 2023 4:46:36 P. M. co.edu.uniquindio.agencia.model.AgenciaViajes <init>
INFO: Se crea una nueva instancia de Agencia de Viajes.
nov 15, 2023 4:46:36 P. M. co.edu.uniquindio.agencia.model.AgenciaViajes <init>
INFO: Clientes cargados correctamente
nov 15, 2023 4:46:36 P. M. co.edu.uniquindio.agencia.model.AgenciaViajes <init>
INFO: Administradores cargados correctamente
nov 15, 2023 4:46:46 P. M. co.edu.uniquindio.agencia.model.AgenciaViajes verificarInicio
INFO: Se ha iniciado sesion como administrador
nov 15, 2023 4:47:13 P. M. co.edu.uniquindio.agencia.model.AgenciaViajes verificarURLS
SEVERE: Debe subir almenos una imagen del destino
nov 15, 2023 4:48:05 P. M. co.edu.uniquindio.agencia.model.AgenciaViajes verificarURLS
SEVERE: Debe subir almenos una imagen del destino
nov 15, 2023 4:48:13 P. M. co.edu.uniquindio.agencia.model.AgenciaViajes verificarURLS
SEVERE: Debe subir almenos una imagen del destino
nov 15, 2023 11:04:01 P. M. co.edu.uniquindio.agencia.model.AgenciaViajes <init>
INFO: Se crea una nueva instancia de Agencia de Viajes.
nov 15, 2023 11:04:01 P. M. co.edu.uniquindio.agencia.model.AgenciaViajes <init>
INFO: Clientes cargados correctamente
nov 15, 2023 11:04:01 P. M. co.edu.uniquindio.agencia.model.AgenciaViajes <init>
INFO: Administradores cargados correctamente
nov 15, 2023 11:04:23 P. M. co.edu.uniquindio.agencia.model.AgenciaViajes verificarInicio
INFO: Se ha iniciado sesion como administrador
nov 15, 2023 11:08:32 P. M. co.edu.uniquindio.agencia.model.AgenciaViajes verificarURLS
SEVERE: Debe subir almenos una imagen del destino
nov 15, 2023 11:22:25 P. M. co.edu.uniquindio.agencia.model.AgenciaViajes <init>
INFO: Se crea una nueva instancia de Agencia de Viajes.
nov 15, 2023 11:22:25 P. M. co.edu.uniquindio.agencia.model.AgenciaViajes <init>
INFO: Clientes cargados correctamente
nov 15, 2023 11:22:25 P. M. co.edu.uniquindio.agencia.model.AgenciaViajes <init>
INFO: Administradores cargados correctamente
nov 15, 2023 11:22:25 P. M. co.edu.uniquindio.agencia.model.AgenciaViajes cargarDestinos
WARNING: El archivo Destinos esta vacio o no existe.
nov 15, 2023 11:23:09 P. M. co.edu.uniquindio.agencia.model.AgenciaViajes verificarInicio
INFO: Se ha iniciado sesion como administrador
nov 15, 2023 11:26:20 P. M. co.edu.uniquindio.agencia.model.AgenciaViajes <init>
INFO: Se crea una nueva instancia de Agencia de Viajes.
nov 15, 2023 11:26:20 P. M. co.edu.uniquindio.agencia.model.AgenciaViajes <init>
INFO: Clientes cargados correctamente
nov 15, 2023 11:26:20 P. M. co.edu.uniquindio.agencia.model.AgenciaViajes <init>
INFO: Administradores cargados correctamente
nov 15, 2023 11:26:20 P. M. co.edu.uniquindio.agencia.model.AgenciaViajes cargarDestinos
INFO: Destinos cargados correctamente
nov 15, 2023 11:42:06 P. M. co.edu.uniquindio.agencia.model.AgenciaViajes <init>
INFO: Se crea una nueva instancia de Agencia de Viajes.
nov 15, 2023 11:42:06 P. M. co.edu.uniquindio.agencia.model.AgenciaViajes <init>
INFO: Clientes cargados correctamente
nov 15, 2023 11:42:06 P. M. co.edu.uniquindio.agencia.model.AgenciaViajes <init>
INFO: Administradores cargados correctamente
nov 15, 2023 11:42:06 P. M. co.edu.uniquindio.agencia.model.AgenciaViajes cargarDestinos
INFO: Destinos cargados correctamente
nov 15, 2023 11:42:17 P. M. co.edu.uniquindio.agencia.model.AgenciaViajes verificarInicio
INFO: Se ha iniciado sesion como administrador
nov 15, 2023 11:45:07 P. M. co.edu.uniquindio.agencia.model.AgenciaViajes verificarInicio
INFO: Se ha iniciado sesion como administrador
nov 15, 2023 11:45:11 P. M. co.edu.uniquindio.agencia.model.AgenciaViajes verificarInicio
INFO: Se ha iniciado sesion como administrador
nov 15, 2023 11:45:14 P. M. co.edu.uniquindio.agencia.model.AgenciaViajes verificarInicio
INFO: Se ha iniciado sesion como administrador
nov 16, 2023 12:14:36 A. M. co.edu.uniquindio.agencia.model.AgenciaViajes <init>
INFO: Se crea una nueva instancia de Agencia de Viajes.
nov 16, 2023 12:14:36 A. M. co.edu.uniquindio.agencia.model.AgenciaViajes <init>
INFO: Clientes cargados correctamente
nov 16, 2023 12:14:36 A. M. co.edu.uniquindio.agencia.model.AgenciaViajes <init>
INFO: Administradores cargados correctamente
nov 16, 2023 12:14:36 A. M. co.edu.uniquindio.agencia.model.AgenciaViajes cargarDestinos
INFO: Destinos cargados correctamente
nov 16, 2023 12:14:36 A. M. co.edu.uniquindio.agencia.model.AgenciaViajes cargarPaquetesTuristicos
WARNING: El archivo Paquetes Turisticos esta vacio o no existe.
nov 16, 2023 12:14:36 A. M. co.edu.uniquindio.agencia.model.AgenciaViajes cargarGuiasTuristicos
WARNING: El archivo Guias Turisticos esta vacio o no existe.
nov 16, 2023 12:14:36 A. M. co.edu.uniquindio.agencia.model.AgenciaViajes cargarReservas
WARNING: El archivo Reservas esta vacio o no existe.
nov 18, 2023 7:53:54 A. M. co.edu.uniquindio.agencia.model.AgenciaViajes <init>
INFO: Se crea una nueva instancia de Agencia de Viajes.
nov 18, 2023 7:53:54 A. M. co.edu.uniquindio.agencia.model.AgenciaViajes <init>
INFO: Clientes cargados correctamente
nov 18, 2023 7:53:54 A. M. co.edu.uniquindio.agencia.model.AgenciaViajes <init>
INFO: Administradores cargados correctamente
nov 18, 2023 7:53:54 A. M. co.edu.uniquindio.agencia.model.AgenciaViajes cargarDestinos
INFO: Destinos cargados correctamente
nov 18, 2023 7:53:54 A. M. co.edu.uniquindio.agencia.model.AgenciaViajes cargarPaquetesTuristicos
WARNING: El archivo Paquetes Turisticos esta vacio o no existe.
nov 18, 2023 7:53:54 A. M. co.edu.uniquindio.agencia.model.AgenciaViajes cargarGuiasTuristicos
WARNING: El archivo Guias Turisticos esta vacio o no existe.
nov 18, 2023 7:53:54 A. M. co.edu.uniquindio.agencia.model.AgenciaViajes cargarReservas
WARNING: El archivo Reservas esta vacio o no existe.
nov 18, 2023 7:54:09 A. M. co.edu.uniquindio.agencia.model.AgenciaViajes verificarInicio
INFO: Se ha iniciado sesion como administrador
nov 18, 2023 8:01:01 A. M. co.edu.uniquindio.agencia.model.AgenciaViajes <init>
INFO: Se crea una nueva instancia de Agencia de Viajes.
nov 18, 2023 8:01:01 A. M. co.edu.uniquindio.agencia.model.AgenciaViajes <init>
INFO: Clientes cargados correctamente
nov 18, 2023 8:01:01 A. M. co.edu.uniquindio.agencia.model.AgenciaViajes <init>
INFO: Administradores cargados correctamente
nov 18, 2023 8:01:02 A. M. co.edu.uniquindio.agencia.model.AgenciaViajes cargarDestinos
INFO: Destinos cargados correctamente
nov 18, 2023 8:01:02 A. M. co.edu.uniquindio.agencia.model.AgenciaViajes cargarPaquetesTuristicos
WARNING: El archivo Paquetes Turisticos esta vacio o no existe.
nov 18, 2023 8:01:02 A. M. co.edu.uniquindio.agencia.model.AgenciaViajes cargarGuiasTuristicos
WARNING: El archivo Guias Turisticos esta vacio o no existe.
nov 18, 2023 8:01:02 A. M. co.edu.uniquindio.agencia.model.AgenciaViajes cargarReservas
WARNING: El archivo Reservas esta vacio o no existe.
nov 18, 2023 8:46:28 A. M. co.edu.uniquindio.agencia.model.AgenciaViajes <init>
INFO: Se crea una nueva instancia de Agencia de Viajes.
nov 18, 2023 8:46:29 A. M. co.edu.uniquindio.agencia.model.AgenciaViajes <init>
INFO: Clientes cargados correctamente
nov 18, 2023 8:46:29 A. M. co.edu.uniquindio.agencia.model.AgenciaViajes <init>
INFO: Administradores cargados correctamente
nov 18, 2023 8:46:29 A. M. co.edu.uniquindio.agencia.model.AgenciaViajes cargarDestinos
INFO: Destinos cargados correctamente
nov 18, 2023 8:46:29 A. M. co.edu.uniquindio.agencia.model.AgenciaViajes cargarPaquetesTuristicos
WARNING: El archivo Paquetes Turisticos esta vacio o no existe.
nov 18, 2023 8:46:29 A. M. co.edu.uniquindio.agencia.model.AgenciaViajes cargarGuiasTuristicos
WARNING: El archivo Guias Turisticos esta vacio o no existe.
nov 18, 2023 8:46:29 A. M. co.edu.uniquindio.agencia.model.AgenciaViajes cargarReservas
WARNING: El archivo Reservas esta vacio o no existe.
nov 18, 2023 8:47:42 A. M. co.edu.uniquindio.agencia.model.AgenciaViajes verificarInicio
INFO: Se ha iniciado sesion como administrador
nov 18, 2023 9:51:16 A. M. co.edu.uniquindio.agencia.model.AgenciaViajes <init>
INFO: Se crea una nueva instancia de Agencia de Viajes.
nov 18, 2023 9:51:16 A. M. co.edu.uniquindio.agencia.model.AgenciaViajes <init>
INFO: Clientes cargados correctamente
nov 18, 2023 9:51:16 A. M. co.edu.uniquindio.agencia.model.AgenciaViajes <init>
INFO: Administradores cargados correctamente
nov 18, 2023 9:51:16 A. M. co.edu.uniquindio.agencia.model.AgenciaViajes cargarDestinos
INFO: Destinos cargados correctamente
nov 18, 2023 9:51:16 A. M. co.edu.uniquindio.agencia.model.AgenciaViajes cargarPaquetesTuristicos
INFO: Paquetes Turisticos cargados correctamente
nov 18, 2023 9:51:16 A. M. co.edu.uniquindio.agencia.model.AgenciaViajes cargarGuiasTuristicos
WARNING: El archivo Guias Turisticos esta vacio o no existe.
nov 18, 2023 9:51:16 A. M. co.edu.uniquindio.agencia.model.AgenciaViajes cargarReservas
WARNING: El archivo Reservas esta vacio o no existe.
nov 18, 2023 9:51:36 A. M. co.edu.uniquindio.agencia.model.AgenciaViajes verificarInicio
INFO: Se ha iniciado sesion como administrador
nov 18, 2023 9:52:57 A. M. co.edu.uniquindio.agencia.model.AgenciaViajes <init>
INFO: Se crea una nueva instancia de Agencia de Viajes.
nov 18, 2023 9:52:57 A. M. co.edu.uniquindio.agencia.model.AgenciaViajes <init>
INFO: Clientes cargados correctamente
nov 18, 2023 9:52:57 A. M. co.edu.uniquindio.agencia.model.AgenciaViajes <init>
INFO: Administradores cargados correctamente
nov 18, 2023 9:52:57 A. M. co.edu.uniquindio.agencia.model.AgenciaViajes cargarDestinos
INFO: Destinos cargados correctamente
nov 18, 2023 9:52:58 A. M. co.edu.uniquindio.agencia.model.AgenciaViajes cargarPaquetesTuristicos
INFO: Paquetes Turisticos cargados correctamente
nov 18, 2023 9:52:58 A. M. co.edu.uniquindio.agencia.model.AgenciaViajes cargarGuiasTuristicos
WARNING: El archivo Guias Turisticos esta vacio o no existe.
nov 18, 2023 9:52:58 A. M. co.edu.uniquindio.agencia.model.AgenciaViajes cargarReservas
WARNING: El archivo Reservas esta vacio o no existe.
nov 18, 2023 9:53:41 A. M. co.edu.uniquindio.agencia.model.AgenciaViajes verificarInicio
INFO: Se ha iniciado sesion como cliente
nov 18, 2023 10:17:14 A. M. co.edu.uniquindio.agencia.model.AgenciaViajes <init>
INFO: Se crea una nueva instancia de Agencia de Viajes.
nov 18, 2023 10:17:15 A. M. co.edu.uniquindio.agencia.model.AgenciaViajes <init>
INFO: Clientes cargados correctamente
nov 18, 2023 10:17:15 A. M. co.edu.uniquindio.agencia.model.AgenciaViajes <init>
INFO: Administradores cargados correctamente
nov 18, 2023 10:17:15 A. M. co.edu.uniquindio.agencia.model.AgenciaViajes cargarDestinos
INFO: Destinos cargados correctamente
nov 18, 2023 10:17:15 A. M. co.edu.uniquindio.agencia.model.AgenciaViajes cargarPaquetesTuristicos
INFO: Paquetes Turisticos cargados correctamente
nov 18, 2023 10:17:15 A. M. co.edu.uniquindio.agencia.model.AgenciaViajes cargarGuiasTuristicos
WARNING: El archivo Guias Turisticos esta vacio o no existe.
nov 18, 2023 10:17:15 A. M. co.edu.uniquindio.agencia.model.AgenciaViajes cargarReservas
WARNING: El archivo Reservas esta vacio o no existe.
nov 18, 2023 10:17:38 A. M. co.edu.uniquindio.agencia.model.AgenciaViajes verificarInicio
INFO: Se ha iniciado sesion como administrador
nov 18, 2023 10:23:24 A. M. co.edu.uniquindio.agencia.model.AgenciaViajes <init>
INFO: Se crea una nueva instancia de Agencia de Viajes.
nov 18, 2023 10:23:24 A. M. co.edu.uniquindio.agencia.model.AgenciaViajes <init>
INFO: Clientes cargados correctamente
nov 18, 2023 10:23:24 A. M. co.edu.uniquindio.agencia.model.AgenciaViajes <init>
INFO: Administradores cargados correctamente
nov 18, 2023 10:23:24 A. M. co.edu.uniquindio.agencia.model.AgenciaViajes cargarDestinos
INFO: Destinos cargados correctamente
nov 18, 2023 10:23:24 A. M. co.edu.uniquindio.agencia.model.AgenciaViajes cargarPaquetesTuristicos
INFO: Paquetes Turisticos cargados correctamente
nov 18, 2023 10:23:24 A. M. co.edu.uniquindio.agencia.model.AgenciaViajes cargarGuiasTuristicos
WARNING: El archivo Guias Turisticos esta vacio o no existe.
nov 18, 2023 10:23:24 A. M. co.edu.uniquindio.agencia.model.AgenciaViajes cargarReservas
WARNING: El archivo Reservas esta vacio o no existe.
nov 18, 2023 10:23:39 A. M. co.edu.uniquindio.agencia.model.AgenciaViajes verificarInicio
INFO: Se ha iniciado sesion como administrador
nov 18, 2023 10:24:29 A. M. co.edu.uniquindio.agencia.model.AgenciaViajes validarFechas
WARNING: La fecha inicial no puede ser antes que la fecha final
nov 18, 2023 10:24:39 A. M. co.edu.uniquindio.agencia.model.AgenciaViajes crearPaquete
WARNING: El precio debe ser un número, sin usar simbolos o letras
nov 18, 2023 10:24:45 A. M. co.edu.uniquindio.agencia.model.AgenciaViajes crearPaquete
WARNING: El cupo Maximo debe ser un número
nov 18, 2023 10:44:34 A. M. co.edu.uniquindio.agencia.model.AgenciaViajes <init>
INFO: Se crea una nueva instancia de Agencia de Viajes.
nov 18, 2023 10:44:34 A. M. co.edu.uniquindio.agencia.model.AgenciaViajes <init>
INFO: Clientes cargados correctamente
nov 18, 2023 10:44:34 A. M. co.edu.uniquindio.agencia.model.AgenciaViajes <init>
INFO: Administradores cargados correctamente
nov 18, 2023 10:44:34 A. M. co.edu.uniquindio.agencia.model.AgenciaViajes cargarDestinos
INFO: Destinos cargados correctamente
nov 18, 2023 10:44:34 A. M. co.edu.uniquindio.agencia.model.AgenciaViajes cargarPaquetesTuristicos
WARNING: El archivo Paquetes Turisticos esta vacio o no existe.
nov 18, 2023 10:44:34 A. M. co.edu.uniquindio.agencia.model.AgenciaViajes cargarGuiasTuristicos
WARNING: El archivo Guias Turisticos esta vacio o no existe.
nov 18, 2023 10:44:34 A. M. co.edu.uniquindio.agencia.model.AgenciaViajes cargarReservas
WARNING: El archivo Reservas esta vacio o no existe.
nov 18, 2023 10:44:45 A. M. co.edu.uniquindio.agencia.model.AgenciaViajes verificarInicio
INFO: Se ha iniciado sesion como administrador
nov 18, 2023 10:49:10 A. M. co.edu.uniquindio.agencia.model.AgenciaViajes <init>
INFO: Se crea una nueva instancia de Agencia de Viajes.
nov 18, 2023 10:49:10 A. M. co.edu.uniquindio.agencia.model.AgenciaViajes <init>
INFO: Clientes cargados correctamente
nov 18, 2023 10:49:10 A. M. co.edu.uniquindio.agencia.model.AgenciaViajes <init>
INFO: Administradores cargados correctamente
nov 18, 2023 10:49:10 A. M. co.edu.uniquindio.agencia.model.AgenciaViajes cargarDestinos
INFO: Destinos cargados correctamente
nov 18, 2023 10:49:10 A. M. co.edu.uniquindio.agencia.model.AgenciaViajes cargarPaquetesTuristicos
WARNING: El archivo Paquetes Turisticos esta vacio o no existe.
nov 18, 2023 10:49:10 A. M. co.edu.uniquindio.agencia.model.AgenciaViajes cargarGuiasTuristicos
WARNING: El archivo Guias Turisticos esta vacio o no existe.
nov 18, 2023 10:49:10 A. M. co.edu.uniquindio.agencia.model.AgenciaViajes cargarReservas
WARNING: El archivo Reservas esta vacio o no existe.
nov 18, 2023 10:49:19 A. M. co.edu.uniquindio.agencia.model.AgenciaViajes verificarInicio
INFO: Se ha iniciado sesion como administrador
nov 18, 2023 10:54:15 A. M. co.edu.uniquindio.agencia.model.AgenciaViajes <init>
INFO: Se crea una nueva instancia de Agencia de Viajes.
nov 18, 2023 10:54:15 A. M. co.edu.uniquindio.agencia.model.AgenciaViajes <init>
INFO: Clientes cargados correctamente
nov 18, 2023 10:54:15 A. M. co.edu.uniquindio.agencia.model.AgenciaViajes <init>
INFO: Administradores cargados correctamente
nov 18, 2023 10:54:15 A. M. co.edu.uniquindio.agencia.model.AgenciaViajes cargarDestinos
INFO: Destinos cargados correctamente
nov 18, 2023 10:54:15 A. M. co.edu.uniquindio.agencia.model.AgenciaViajes cargarPaquetesTuristicos
WARNING: El archivo Paquetes Turisticos esta vacio o no existe.
nov 18, 2023 10:54:15 A. M. co.edu.uniquindio.agencia.model.AgenciaViajes cargarGuiasTuristicos
WARNING: El archivo Guias Turisticos esta vacio o no existe.
nov 18, 2023 10:54:15 A. M. co.edu.uniquindio.agencia.model.AgenciaViajes cargarReservas
WARNING: El archivo Reservas esta vacio o no existe.
nov 18, 2023 10:54:40 A. M. co.edu.uniquindio.agencia.model.AgenciaViajes verificarInicio
INFO: Se ha iniciado sesion como administrador
nov 18, 2023 10:55:18 A. M. co.edu.uniquindio.agencia.model.AgenciaViajes crearPaquete
WARNING: El precio debe ser un número, sin usar simbolos o letras
nov 18, 2023 10:57:55 A. M. co.edu.uniquindio.agencia.model.AgenciaViajes <init>
INFO: Se crea una nueva instancia de Agencia de Viajes.
nov 18, 2023 10:57:56 A. M. co.edu.uniquindio.agencia.model.AgenciaViajes <init>
INFO: Clientes cargados correctamente
nov 18, 2023 10:57:56 A. M. co.edu.uniquindio.agencia.model.AgenciaViajes <init>
INFO: Administradores cargados correctamente
nov 18, 2023 10:57:56 A. M. co.edu.uniquindio.agencia.model.AgenciaViajes cargarDestinos
INFO: Destinos cargados correctamente
nov 18, 2023 10:57:56 A. M. co.edu.uniquindio.agencia.model.AgenciaViajes cargarPaquetesTuristicos
WARNING: El archivo Paquetes Turisticos esta vacio o no existe.
nov 18, 2023 10:57:56 A. M. co.edu.uniquindio.agencia.model.AgenciaViajes cargarGuiasTuristicos
WARNING: El archivo Guias Turisticos esta vacio o no existe.
nov 18, 2023 10:57:56 A. M. co.edu.uniquindio.agencia.model.AgenciaViajes cargarReservas
WARNING: El archivo Reservas esta vacio o no existe.
nov 18, 2023 10:58:13 A. M. co.edu.uniquindio.agencia.model.AgenciaViajes verificarInicio
INFO: Se ha iniciado sesion como administrador
nov 18, 2023 10:58:45 A. M. co.edu.uniquindio.agencia.model.AgenciaViajes crearPaquete
WARNING: No se han agregado destinos al paquete
